Unity Editor version:    2021.3.26f1 (a16dc32e0ff2)
Branch:                  2021.3/staging
Build type:              Release
Batch mode:              YES
macOS version:           Version 13.5.1 (Build 22G90)
Darwin version:          22.6.0
Architecture:            arm64
Running under Rosetta:   NO
Available memory:        32768 MB
Using pre-set license
Pro License: YES

COMMAND LINE ARGUMENTS:
/Applications/Unity/Hub/Editor/2021.3.26f1/Unity.app/Contents/MacOS/Unity
-adb2
-batchMode
-noUpm
-name
AssetImportWorker0
-projectPath
/Users/dilara/Documents/GitHub/My-Little-Universe-Clone/My Little Universe
-logFile
Logs/AssetImportWorker0.log
-srvPort
64755
Successfully changed project path to: /Users/dilara/Documents/GitHub/My-Little-Universe-Clone/My Little Universe
/Users/dilara/Documents/GitHub/My-Little-Universe-Clone/My Little Universe
[UnityMemory] Configuration Parameters - Can be set up in boot.config
    "memorysetup-bucket-allocator-granularity=16"
    "memorysetup-bucket-allocator-bucket-count=8"
    "memorysetup-bucket-allocator-block-size=33554432"
    "memorysetup-bucket-allocator-block-count=8"
    "memorysetup-main-allocator-block-size=16777216"
    "memorysetup-thread-allocator-block-size=16777216"
    "memorysetup-gfx-main-allocator-block-size=16777216"
    "memorysetup-gfx-thread-allocator-block-size=16777216"
    "memorysetup-cache-allocator-block-size=4194304"
    "memorysetup-typetree-allocator-block-size=2097152"
    "memorysetup-profiler-bucket-allocator-granularity=16"
    "memorysetup-profiler-bucket-allocator-bucket-count=8"
    "memorysetup-profiler-bucket-allocator-block-size=33554432"
    "memorysetup-profiler-bucket-allocator-block-count=8"
    "memorysetup-profiler-allocator-block-size=16777216"
    "memorysetup-profiler-editor-allocator-block-size=1048576"
    "memorysetup-temp-allocator-size-main=16777216"
    "memorysetup-job-temp-allocator-block-size=2097152"
    "memorysetup-job-temp-allocator-block-size-background=1048576"
    "memorysetup-job-temp-allocator-reduction-small-platforms=262144"
    "memorysetup-temp-allocator-size-background-worker=32768"
    "memorysetup-temp-allocator-size-job-worker=262144"
    "memorysetup-temp-allocator-size-preload-manager=33554432"
    "memorysetup-temp-allocator-size-nav-mesh-worker=65536"
    "memorysetup-temp-allocator-size-audio-worker=65536"
    "memorysetup-temp-allocator-size-cloud-worker=32768"
    "memorysetup-temp-allocator-size-gi-baking-worker=262144"
    "memorysetup-temp-allocator-size-gfx=262144"
Player connection [8533041280] Host "[IP] 10.5.49.163 [Port] 0 [Flags] 2 [Guid] 2476895624 [EditorId] 2476895624 [Version] 1048832 [Id] OSXEditor(0,applikeITs-MacBook-Pro.local) [Debug] 1 [PackageName] OSXEditor [ProjectName] Editor" joined multi-casting on [225.0.0.222:54997]...

Player connection [8533041280] Host "[IP] 10.5.49.163 [Port] 0 [Flags] 2 [Guid] 2476895624 [EditorId] 2476895624 [Version] 1048832 [Id] OSXEditor(0,applikeITs-MacBook-Pro.local) [Debug] 1 [PackageName] OSXEditor [ProjectName] Editor" joined alternative multi-casting on [225.0.0.222:34997]...

Refreshing native plugins compatible for Editor in 99.30 ms, found 2 plugins.
Preloading 0 native plugins for Editor in 0.00 ms.
Initialize engine version: 2021.3.26f1 (a16dc32e0ff2)
[Subsystems] Discovering subsystems at path /Applications/Unity/Hub/Editor/2021.3.26f1/Unity.app/Contents/Resources/UnitySubsystems
[Subsystems] Discovering subsystems at path /Users/dilara/Documents/GitHub/My-Little-Universe-Clone/My Little Universe/Assets
GfxDevice: creating device client; threaded=0; jobified=0
 preferred device: Apple M2 Pro (high power)
Metal devices available: 1
0: Apple M2 Pro (high power)
Using device Apple M2 Pro (high power)
Initializing Metal device caps: Apple M2 Pro
Initialize mono
Mono path[0] = '/Applications/Unity/Hub/Editor/2021.3.26f1/Unity.app/Contents/Managed'
Mono path[1] = '/Applications/Unity/Hub/Editor/2021.3.26f1/Unity.app/Contents/MonoBleedingEdge/lib/mono/unityjit-macos'
Mono config path = '/Applications/Unity/Hub/Editor/2021.3.26f1/Unity.app/Contents/MonoBleedingEdge/etc'
Using monoOptions --debugger-agent=transport=dt_socket,embedding=1,server=y,suspend=n,address=127.0.0.1:56876
Begin MonoManager ReloadAssembly
Registering precompiled unity dll's ...
Register platform support module: /Applications/Unity/Hub/Editor/2021.3.26f1/Unity.app/Contents/PlaybackEngines/MacStandaloneSupport/UnityEditor.OSXStandalone.Extensions.dll
Register platform support module: /Applications/Unity/Hub/Editor/2021.3.26f1/PlaybackEngines/AndroidPlayer/UnityEditor.Android.Extensions.dll
Registered in 0.000473 seconds.
Native extension for Android target not found
Android Extension - Scanning For ADB Devices 70 ms
Native extension for OSXStandalone target not found
Refreshing native plugins compatible for Editor in 102.43 ms, found 2 plugins.
Preloading 0 native plugins for Editor in 0.00 ms.
Mono: successfully reloaded assembly
- Completed reload, in  0.483 seconds
Domain Reload Profiling:
	ReloadAssembly (484ms)
		BeginReloadAssembly (35ms)
			ExecutionOrderSort (0ms)
			DisableScriptedObjects (0ms)
			BackupInstance (0ms)
			ReleaseScriptingObjects (0ms)
			CreateAndSetChildDomain (0ms)
		EndReloadAssembly (400ms)
			LoadAssemblies (35ms)
			RebuildTransferFunctionScriptingTraits (0ms)
			SetupTypeCache (59ms)
			ReleaseScriptCaches (0ms)
			RebuildScriptCaches (18ms)
			SetupLoadedEditorAssemblies (299ms)
				LogAssemblyErrors (0ms)
				InitializePlatformSupportModulesInManaged (130ms)
				SetLoadedEditorAssemblies (0ms)
				RefreshPlugins (102ms)
				BeforeProcessingInitializeOnLoad (1ms)
				ProcessInitializeOnLoadAttributes (44ms)
				ProcessInitializeOnLoadMethodAttributes (22ms)
				AfterProcessingInitializeOnLoad (0ms)
				EditorAssembliesLoaded (0ms)
			ExecutionOrderSort2 (0ms)
			AwakeInstancesAfterBackupRestoration (0ms)
Platform modules already initialized, skipping
Registering precompiled user dll's ...
Registered in 0.001669 seconds.
Begin MonoManager ReloadAssembly
Symbol file LoadedFromMemory doesn't match image /Users/dilara/Documents/GitHub/My-Little-Universe-Clone/My Little Universe/Library/PackageCache/com.unity.visualscripting@1.8.0/Editor/VisualScripting.Core/Dependencies/YamlDotNet/Unity.VisualScripting.YamlDotNet.dll
Symbol file LoadedFromMemory doesn't match image /Users/dilara/Documents/GitHub/My-Little-Universe-Clone/My Little Universe/Library/PackageCache/com.unity.visualscripting@1.8.0/Editor/VisualScripting.Core/Dependencies/DotNetZip/Unity.VisualScripting.IonicZip.dll
Native extension for Android target not found
Native extension for OSXStandalone target not found
Refreshing native plugins compatible for Editor in 110.77 ms, found 2 plugins.
Preloading 0 native plugins for Editor in 0.00 ms.
Mono: successfully reloaded assembly
- Completed reload, in  0.800 seconds
Domain Reload Profiling:
	ReloadAssembly (801ms)
		BeginReloadAssembly (61ms)
			ExecutionOrderSort (0ms)
			DisableScriptedObjects (3ms)
			BackupInstance (0ms)
			ReleaseScriptingObjects (0ms)
			CreateAndSetChildDomain (17ms)
		EndReloadAssembly (679ms)
			LoadAssemblies (64ms)
			RebuildTransferFunctionScriptingTraits (0ms)
			SetupTypeCache (186ms)
			ReleaseScriptCaches (0ms)
			RebuildScriptCaches (38ms)
			SetupLoadedEditorAssemblies (355ms)
				LogAssemblyErrors (0ms)
				InitializePlatformSupportModulesInManaged (9ms)
				SetLoadedEditorAssemblies (0ms)
				RefreshPlugins (111ms)
				BeforeProcessingInitializeOnLoad (61ms)
				ProcessInitializeOnLoadAttributes (131ms)
				ProcessInitializeOnLoadMethodAttributes (42ms)
				AfterProcessingInitializeOnLoad (1ms)
				EditorAssembliesLoaded (0ms)
			ExecutionOrderSort2 (0ms)
			AwakeInstancesAfterBackupRestoration (2ms)
Platform modules already initialized, skipping
========================================================================
Worker process is ready to serve import requests
Shader 'Amazing Assets/Curved World/Particles/Lit': fallback shader 'Universal Render Pipeline/Particles/SimpleLit' not found
Shader 'Amazing Assets/Curved World/Tutorial/Surface Shader (Finished)': fallback shader 'Hidden/Amazing Assets/Curved World/Fallback/VertexLit' not found
Shader 'Amazing Assets/Curved World/Particles/Lit': fallback shader 'Universal Render Pipeline/Particles/SimpleLit' not found
Shader 'Amazing Assets/Curved World/Tutorial/Surface Shader (Finished)': fallback shader 'Hidden/Amazing Assets/Curved World/Fallback/VertexLit' not found
Launching external process: /Applications/Unity/Hub/Editor/2021.3.26f1/Unity.app/Contents/Tools/UnityShaderCompiler
Launched and connected shader compiler UnityShaderCompiler after 0.05 seconds
Refreshing native plugins compatible for Editor in 1.02 ms, found 2 plugins.
Preloading 0 native plugins for Editor in 0.00 ms.
Unloading 5133 Unused Serialized files (Serialized files now loaded: 0)
Unloading 65 unused Assets / (4.6 MB). Loaded Objects now: 5562.
Memory consumption went from 253.2 MB to 248.5 MB.
Total: 3.870500 ms (FindLiveObjects: 0.174584 ms CreateObjectMapping: 0.097125 ms MarkObjects: 2.056750 ms  DeleteObjects: 1.541584 ms)

AssetImportParameters requested are different than current active one (requested -> active):
  custom:video-decoder-ogg-theora: a1e56fd34408186e4bbccfd4996cb3dc -> 
  custom:container-muxer-webm: aa71ff27fc2769a1b78a27578f13a17b -> 
  custom:container-demuxer-webm: 4f35f7cbe854078d1ac9338744f61a02 -> 
  custom:video-encoder-webm-vp8: eb34c28f22e8b96e1ab97ce403110664 -> 
  custom:framework-osx-AVFoundation: e770b220cccbd017edd2c1fefb359320 -> 
  custom:audio-encoder-webm-vorbis: bf7c407c2cedff20999df2af8eb42d56 -> 
  custom:container-demuxer-ogg: 62fdf1f143b41e24485cea50d1cbac27 -> 
  custom:video-decoder-webm-vp8: 9c59270c3fd7afecdb556c50c9e8de78 -> 
  custom:audio-decoder-ogg-vorbis: bf7c407c2cedff20999df2af8eb42d56 -> 
========================================================================
Received Import Request.
  Time since last request: 404273.523874 seconds.
  path: Assets/Game/Texture/Atlas.psd
  artifactKey: Guid(49bf39b471dca49c0858bdd68f33ffd4) Importer(815301076,1909f56bfc062723c751e8b465ee728b)
Start importing Assets/Game/Texture/Atlas.psd using Guid(49bf39b471dca49c0858bdd68f33ffd4) Importer(815301076,1909f56bfc062723c751e8b465ee728b)  -> (artifact id: 'c2ed8d1dc7b9c658cc68fb1018f5c596') in 0.130945 seconds 
========================================================================
Received Import Request.
  Time since last request: 45.487237 seconds.
  path: Assets/Game/Materials/Atlas.mat
  artifactKey: Guid(2f6098976bbeb48d5bd05c22f9fd66b1) Importer(815301076,1909f56bfc062723c751e8b465ee728b)
Start importing Assets/Game/Materials/Atlas.mat using Guid(2f6098976bbeb48d5bd05c22f9fd66b1) Importer(815301076,1909f56bfc062723c751e8b465ee728b)  -> (artifact id: '1d0ede36034c76f8ed49300959be1f5f') in 0.164065 seconds 
========================================================================
Received Import Request.
  Time since last request: 1.448956 seconds.
  path: Assets/Game/Materials/Atlas 1.mat
  artifactKey: Guid(c30d23d1ad44d413a89f221b22308e41) Importer(815301076,1909f56bfc062723c751e8b465ee728b)
Start importing Assets/Game/Materials/Atlas 1.mat using Guid(c30d23d1ad44d413a89f221b22308e41) Importer(815301076,1909f56bfc062723c751e8b465ee728b)  -> (artifact id: 'a46abed703db94471764f248f04cd3ea') in 0.007410 seconds 
========================================================================
Received Import Request.
  Time since last request: 3.229020 seconds.
  path: Assets/Game/Materials/Water.mat
  artifactKey: Guid(c30d23d1ad44d413a89f221b22308e41) Importer(815301076,1909f56bfc062723c751e8b465ee728b)
Start importing Assets/Game/Materials/Water.mat using Guid(c30d23d1ad44d413a89f221b22308e41) Importer(815301076,1909f56bfc062723c751e8b465ee728b)  -> (artifact id: '17a3e92de2b27af944442640e98e7859') in 0.008340 seconds 
========================================================================
Received Import Request.
  Time since last request: 16.119128 seconds.
  path: Assets/Game/Materials/Water.mat
  artifactKey: Guid(c30d23d1ad44d413a89f221b22308e41) Importer(815301076,1909f56bfc062723c751e8b465ee728b)
Start importing Assets/Game/Materials/Water.mat using Guid(c30d23d1ad44d413a89f221b22308e41) Importer(815301076,1909f56bfc062723c751e8b465ee728b)  -> (artifact id: '823e857e5d182bb66e158f06c6fa7b78') in 0.009917 seconds 
========================================================================
Received Import Request.
  Time since last request: 38.226385 seconds.
  path: Assets/Game/Texture/DirectRoad.psd
  artifactKey: Guid(ac9108b80bdfa4e6396b90e8d8637b65) Importer(815301076,1909f56bfc062723c751e8b465ee728b)
Start importing Assets/Game/Texture/DirectRoad.psd using Guid(ac9108b80bdfa4e6396b90e8d8637b65) Importer(815301076,1909f56bfc062723c751e8b465ee728b)  -> (artifact id: '120fd2d0a8ab7fbdcc4982b741c53707') in 0.005767 seconds 
========================================================================
Received Import Request.
  Time since last request: 1.871443 seconds.
  path: Assets/Game/Texture/EndRoad.psd
  artifactKey: Guid(942f5db86db234740a23b2c7058d1eeb) Importer(815301076,1909f56bfc062723c751e8b465ee728b)
Start importing Assets/Game/Texture/EndRoad.psd using Guid(942f5db86db234740a23b2c7058d1eeb) Importer(815301076,1909f56bfc062723c751e8b465ee728b)  -> (artifact id: '03c0372eebca0cfd6c7686c6b53fcbd7') in 0.004554 seconds 
========================================================================
Received Import Request.
  Time since last request: 9.675301 seconds.
  path: Assets/Game/Texture/DirectRoad.psd
  artifactKey: Guid(ac9108b80bdfa4e6396b90e8d8637b65) Importer(815301076,1909f56bfc062723c751e8b465ee728b)
Start importing Assets/Game/Texture/DirectRoad.psd using Guid(ac9108b80bdfa4e6396b90e8d8637b65) Importer(815301076,1909f56bfc062723c751e8b465ee728b)  -> (artifact id: 'c6d04552750d14c9efb05287a6dc82bd') in 0.018929 seconds 
========================================================================
Received Import Request.
  Time since last request: 3.495945 seconds.
  path: Assets/Game/Texture/EndRoad.psd
  artifactKey: Guid(942f5db86db234740a23b2c7058d1eeb) Importer(815301076,1909f56bfc062723c751e8b465ee728b)
Start importing Assets/Game/Texture/EndRoad.psd using Guid(942f5db86db234740a23b2c7058d1eeb) Importer(815301076,1909f56bfc062723c751e8b465ee728b)  -> (artifact id: 'fd87061ad3637f84e4d5adf46a07c6ed') in 0.012306 seconds 
========================================================================
Received Import Request.
  Time since last request: 6.703133 seconds.
  path: Assets/Game/Texture/TurnRoad.psd
  artifactKey: Guid(86a32f85f5c10495882c18fa260facc3) Importer(815301076,1909f56bfc062723c751e8b465ee728b)
Start importing Assets/Game/Texture/TurnRoad.psd using Guid(86a32f85f5c10495882c18fa260facc3) Importer(815301076,1909f56bfc062723c751e8b465ee728b)  -> (artifact id: '64cccf5d01c0a64f0357a86c326b8516') in 0.013995 seconds 
========================================================================
Received Import Request.
  Time since last request: 8.882635 seconds.
  path: Assets/Game/Prefabs/Floors/5Gon_Grass.prefab
  artifactKey: Guid(be988c788c3bd4503a86b87364d95c25) Importer(815301076,1909f56bfc062723c751e8b465ee728b)
Start importing Assets/Game/Prefabs/Floors/5Gon_Grass.prefab using Guid(be988c788c3bd4503a86b87364d95c25) Importer(815301076,1909f56bfc062723c751e8b465ee728b)  -> (artifact id: '1ee1432159e7e011c36a2a9e110d51e3') in 0.036269 seconds 
========================================================================
Received Import Request.
  Time since last request: 31.292490 seconds.
  path: Assets/UniversalRenderPipelineGlobalSettings.asset
  artifactKey: Guid(29f1004070bfc4993be9d4bbbccc5b54) Importer(815301076,1909f56bfc062723c751e8b465ee728b)
Start importing Assets/UniversalRenderPipelineGlobalSettings.asset using Guid(29f1004070bfc4993be9d4bbbccc5b54) Importer(815301076,1909f56bfc062723c751e8b465ee728b)  -> (artifact id: '769d929efb4620c3072ca3770722ad6d') in 0.024944 seconds 
